<?xml version="1.0" encoding="UTF-8"?>
<coverage generated="1618330133017" clover="3.2.0">
  <project timestamp="1618330133017" name="All files">
    <metrics statements="52" coveredstatements="51" conditionals="2" coveredconditionals="2" methods="27" coveredmethods="26" elements="81" coveredelements="79" complexity="0" loc="52" ncloc="52" packages="4" files="13" classes="13"/>
    <package name="src">
      <metrics statements="2" coveredstatements="2" conditionals="0" coveredconditionals="0" methods="1" coveredmethods="1"/>
      <file name="App.vue" path="/home/enrique/DAW/vue-udemy/testing/my-first-testing/src/App.vue">
        <metrics statements="1" coveredstatements="1" conditionals="0" coveredconditionals="0" methods="0" coveredmethods="0"/>
        <line num="32" count="1" type="stmt"/>
      </file>
      <file name="hello-name.js" path="/home/enrique/DAW/vue-udemy/testing/my-first-testing/src/hello-name.js">
        <metrics statements="1" coveredstatements="1" conditionals="0" coveredconditionals="0" methods="1" coveredmethods="1"/>
        <line num="1" count="2" type="stmt"/>
      </file>
    </package>
    <package name="src.components">
      <metrics statements="35" coveredstatements="35" conditionals="2" coveredconditionals="2" methods="17" coveredmethods="17"/>
      <file name="Child.vue" path="/home/enrique/DAW/vue-udemy/testing/my-first-testing/src/components/Child.vue">
        <metrics statements="1" coveredstatements="1" conditionals="0" coveredconditionals="0" methods="1" coveredmethods="1"/>
        <line num="11" count="7" type="stmt"/>
      </file>
      <file name="ComponentWithAction.vue" path="/home/enrique/DAW/vue-udemy/testing/my-first-testing/src/components/ComponentWithAction.vue">
        <metrics statements="1" coveredstatements="1" conditionals="0" coveredconditionals="0" methods="1" coveredmethods="1"/>
        <line num="13" count="1" type="stmt"/>
      </file>
      <file name="ComponentWithGetters.vue" path="/home/enrique/DAW/vue-udemy/testing/my-first-testing/src/components/ComponentWithGetters.vue">
        <metrics statements="2" coveredstatements="2" conditionals="0" coveredconditionals="0" methods="1" coveredmethods="1"/>
        <line num="13" count="1" type="stmt"/>
        <line num="20" count="4" type="stmt"/>
      </file>
      <file name="ComponentWithMutation.vue" path="/home/enrique/DAW/vue-udemy/testing/my-first-testing/src/components/ComponentWithMutation.vue">
        <metrics statements="2" coveredstatements="2" conditionals="0" coveredconditionals="0" methods="2" coveredmethods="2"/>
        <line num="11" count="1" type="stmt"/>
        <line num="17" count="1" type="stmt"/>
      </file>
      <file name="ComponentWithState.vue" path="/home/enrique/DAW/vue-udemy/testing/my-first-testing/src/components/ComponentWithState.vue">
        <metrics statements="3" coveredstatements="3" conditionals="0" coveredconditionals="0" methods="2" coveredmethods="2"/>
        <line num="12" count="1" type="stmt"/>
        <line num="17" count="5" type="stmt"/>
        <line num="23" count="5" type="stmt"/>
      </file>
      <file name="Counter.vue" path="/home/enrique/DAW/vue-udemy/testing/my-first-testing/src/components/Counter.vue">
        <metrics statements="3" coveredstatements="3" conditionals="0" coveredconditionals="0" methods="2" coveredmethods="2"/>
        <line num="11" count="5" type="stmt"/>
        <line num="23" count="2" type="stmt"/>
        <line num="24" count="2" type="stmt"/>
      </file>
      <file name="Foo.vue" path="/home/enrique/DAW/vue-udemy/testing/my-first-testing/src/components/Foo.vue">
        <metrics statements="10" coveredstatements="10" conditionals="0" coveredconditionals="0" methods="3" coveredmethods="3"/>
        <line num="35" count="2" type="stmt"/>
        <line num="40" count="4" type="stmt"/>
        <line num="51" count="3" type="stmt"/>
        <line num="52" count="3" type="stmt"/>
        <line num="54" count="1" type="stmt"/>
        <line num="58" count="2" type="stmt"/>
        <line num="59" count="2" type="stmt"/>
        <line num="60" count="2" type="stmt"/>
        <line num="61" count="2" type="stmt"/>
        <line num="62" count="2" type="stmt"/>
      </file>
      <file name="Parent.vue" path="/home/enrique/DAW/vue-udemy/testing/my-first-testing/src/components/Parent.vue">
        <metrics statements="3" coveredstatements="3" conditionals="0" coveredconditionals="0" methods="2" coveredmethods="2"/>
        <line num="17" count="1" type="stmt"/>
        <line num="32" count="9" type="stmt"/>
        <line num="36" count="6" type="stmt"/>
      </file>
      <file name="TheHeader.vue" path="/home/enrique/DAW/vue-udemy/testing/my-first-testing/src/components/TheHeader.vue">
        <metrics statements="10" coveredstatements="10" conditionals="2" coveredconditionals="2" methods="3" coveredmethods="3"/>
        <line num="34" count="6" type="stmt"/>
        <line num="42" count="3" type="cond" truecount="2" falsecount="0"/>
        <line num="43" count="2" type="stmt"/>
        <line num="44" count="2" type="stmt"/>
        <line num="45" count="2" type="stmt"/>
        <line num="46" count="2" type="stmt"/>
        <line num="47" count="2" type="stmt"/>
        <line num="48" count="2" type="stmt"/>
        <line num="49" count="2" type="stmt"/>
        <line num="52" count="1" type="stmt"/>
      </file>
    </package>
    <package name="src.store">
      <metrics statements="9" coveredstatements="8" conditionals="0" coveredconditionals="0" methods="7" coveredmethods="6"/>
      <file name="index.js" path="/home/enrique/DAW/vue-udemy/testing/my-first-testing/src/store/index.js">
        <metrics statements="9" coveredstatements="8" conditionals="0" coveredconditionals="0" methods="7" coveredmethods="6"/>
        <line num="5" count="3" type="stmt"/>
        <line num="7" count="3" type="stmt"/>
        <line num="9" count="1" type="stmt"/>
        <line num="13" count="3" type="stmt"/>
        <line num="15" count="3" type="stmt"/>
        <line num="17" count="3" type="stmt"/>
        <line num="19" count="0" type="stmt"/>
        <line num="35" count="1" type="stmt"/>
        <line num="36" count="1" type="stmt"/>
      </file>
    </package>
    <package name="src.views">
      <metrics statements="6" coveredstatements="6" conditionals="0" coveredconditionals="0" methods="2" coveredmethods="2"/>
      <file name="Home.vue" path="/home/enrique/DAW/vue-udemy/testing/my-first-testing/src/views/Home.vue">
        <metrics statements="6" coveredstatements="6" conditionals="0" coveredconditionals="0" methods="2" coveredmethods="2"/>
        <line num="21" count="1" type="stmt"/>
        <line num="22" count="1" type="stmt"/>
        <line num="23" count="1" type="stmt"/>
        <line num="28" count="1" type="stmt"/>
        <line num="40" count="1" type="stmt"/>
        <line num="41" count="1" type="stmt"/>
      </file>
    </package>
  </project>
</coverage>
