TN:
SF:/home/enrique/DAW/vue-udemy/testing/my-first-testing/src/App.vue
FNF:0
FNH:0
DA:32,1
LF:1
LH:1
BRF:0
BRH:0
end_of_record
TN:
SF:/home/enrique/DAW/vue-udemy/testing/my-first-testing/src/hello-name.js
FN:1,(anonymous_0)
FNF:1
FNH:1
FNDA:2,(anonymous_0)
DA:1,2
LF:1
LH:1
BRF:0
BRH:0
end_of_record
TN:
SF:/home/enrique/DAW/vue-udemy/testing/my-first-testing/src/components/Child.vue
FN:10,(anonymous_1)
FNF:1
FNH:1
FNDA:7,(anonymous_1)
DA:11,7
LF:1
LH:1
BRF:0
BRH:0
end_of_record
TN:
SF:/home/enrique/DAW/vue-udemy/testing/my-first-testing/src/components/ComponentWithAction.vue
FN:12,(anonymous_1)
FNF:1
FNH:1
FNDA:1,(anonymous_1)
DA:13,1
LF:1
LH:1
BRF:0
BRH:0
end_of_record
TN:
SF:/home/enrique/DAW/vue-udemy/testing/my-first-testing/src/components/ComponentWithGetters.vue
FN:19,(anonymous_1)
FNF:1
FNH:1
FNDA:4,(anonymous_1)
DA:13,1
DA:20,4
LF:2
LH:2
BRF:0
BRH:0
end_of_record
TN:
SF:/home/enrique/DAW/vue-udemy/testing/my-first-testing/src/components/ComponentWithMutation.vue
FN:10,(anonymous_1)
FN:16,(anonymous_2)
FNF:2
FNH:2
FNDA:1,(anonymous_1)
FNDA:1,(anonymous_2)
DA:11,1
DA:17,1
LF:2
LH:2
BRF:0
BRH:0
end_of_record
TN:
SF:/home/enrique/DAW/vue-udemy/testing/my-first-testing/src/components/ComponentWithState.vue
FN:16,(anonymous_1)
FN:22,(anonymous_2)
FNF:2
FNH:2
FNDA:5,(anonymous_1)
FNDA:5,(anonymous_2)
DA:12,1
DA:17,5
DA:23,5
LF:3
LH:3
BRF:0
BRH:0
end_of_record
TN:
SF:/home/enrique/DAW/vue-udemy/testing/my-first-testing/src/components/Counter.vue
FN:10,(anonymous_1)
FN:22,(anonymous_2)
FNF:2
FNH:2
FNDA:5,(anonymous_1)
FNDA:2,(anonymous_2)
DA:11,5
DA:23,2
DA:24,2
LF:3
LH:3
BRF:0
BRH:0
end_of_record
TN:
SF:/home/enrique/DAW/vue-udemy/testing/my-first-testing/src/components/Foo.vue
FN:39,(anonymous_1)
FN:50,(anonymous_2)
FN:60,(anonymous_3)
FNF:3
FNH:3
FNDA:4,(anonymous_1)
FNDA:3,(anonymous_2)
FNDA:2,(anonymous_3)
DA:35,2
DA:40,4
DA:51,3
DA:52,3
DA:54,1
DA:58,2
DA:59,2
DA:60,2
DA:61,2
DA:62,2
LF:10
LH:10
BRF:0
BRH:0
end_of_record
TN:
SF:/home/enrique/DAW/vue-udemy/testing/my-first-testing/src/components/Parent.vue
FN:31,(anonymous_1)
FN:35,(anonymous_2)
FNF:2
FNH:2
FNDA:9,(anonymous_1)
FNDA:6,(anonymous_2)
DA:17,1
DA:32,9
DA:36,6
LF:3
LH:3
BRF:0
BRH:0
end_of_record
TN:
SF:/home/enrique/DAW/vue-udemy/testing/my-first-testing/src/components/TheHeader.vue
FN:33,(anonymous_1)
FN:41,(anonymous_2)
FN:46,(anonymous_3)
FNF:3
FNH:3
FNDA:6,(anonymous_1)
FNDA:3,(anonymous_2)
FNDA:2,(anonymous_3)
DA:34,6
DA:42,3
DA:43,2
DA:44,2
DA:45,2
DA:46,2
DA:47,2
DA:48,2
DA:49,2
DA:52,1
LF:10
LH:10
BRDA:42,0,0,2
BRDA:42,0,1,1
BRF:2
BRH:2
end_of_record
TN:
SF:/home/enrique/DAW/vue-udemy/testing/my-first-testing/src/store/index.js
FN:8,(anonymous_0)
FN:14,(anonymous_1)
FN:16,(anonymous_2)
FN:35,(anonymous_3)
FN:36,(anonymous_4)
FN:36,(anonymous_5)
FNF:6
FNH:6
FNDA:1,(anonymous_0)
FNDA:3,(anonymous_1)
FNDA:3,(anonymous_2)
FNDA:1,(anonymous_3)
FNDA:1,(anonymous_4)
FNDA:1,(anonymous_5)
DA:5,3
DA:7,3
DA:9,1
DA:13,3
DA:15,3
DA:17,3
DA:35,1
DA:36,1
LF:8
LH:8
BRF:0
BRH:0
end_of_record
TN:
SF:/home/enrique/DAW/vue-udemy/testing/my-first-testing/src/views/Home.vue
FN:27,(anonymous_1)
FN:39,(anonymous_2)
FNF:2
FNH:2
FNDA:1,(anonymous_1)
FNDA:1,(anonymous_2)
DA:21,1
DA:22,1
DA:23,1
DA:28,1
DA:40,1
DA:41,1
LF:6
LH:6
BRF:0
BRH:0
end_of_record
